<?xml version="1.0" encoding="UTF-8"?>
<!-- Generated by org.testng.reporters.JUnitXMLReporter -->
<testsuite ignored="1" hostname="HusseinGadalla" failures="0" tests="2" name="Login-Register Test" time="15.749" errors="0" timestamp="2021-04-24T16:03:27 EET">
  <testcase classname="tests.UserLoginTest" name="verify_user_canlogin_valid_credentials" time="10.217"/>
  <testcase classname="tests.UserRegisterationTest" name="verify_user_Can_Register_Successfully" time="5.457"/>
  <testcase classname="tests.TestBase" name="@BeforeSuite startDriver" time="0.0">
    <ignored/>
  </testcase> <!-- @BeforeSuite startDriver -->
</testsuite> <!-- Login-Register Test -->
