<?xml version="1.0" encoding="UTF-8"?>
<testng-results ignored="4" total="6" passed="2" failed="0" skipped="0">
  <reporter-output>
  </reporter-output>
  <suite started-at="2021-04-24T16:06:01 EET" name="Default suite" finished-at="2021-04-24T16:06:16 EET" duration-ms="15436">
    <groups>
    </groups>
    <test started-at="2021-04-24T16:06:01 EET" name="Default test" finished-at="2021-04-24T16:06:16 EET" duration-ms="15436">
      <class name="tests.TestBase">
        <test-method is-config="true" signature="startDriver(java.lang.String)[pri:0, instance:tests.TestBase@636be97c]" started-at="2021-04-24T16:05:57 EET" name="startDriver" finished-at="2021-04-24T16:06:01 EET" duration-ms="4294" status="PASS">
          <params>
            <param index="0">
              <value>
                <![CDATA[chrome]]>
              </value>
            </param>
          </params>
          <reporter-output>
          </reporter-output>
        </test-method> <!-- startDriver -->
        <test-method is-config="true" signature="stopDriver()[pri:0, instance:tests.TestBase@636be97c]" started-at="2021-04-24T16:06:17 EET" name="stopDriver" finished-at="2021-04-24T16:06:17 EET" duration-ms="847" status="PASS">
          <reporter-output>
          </reporter-output>
        </test-method> <!-- stopDriver -->
      </class> <!-- tests.TestBase -->
      <class name="tests.UserRegisterationTest">
        <test-method signature="verify_user_Can_Register_Successfully()[pri:1, instance:tests.UserRegisterationTest@50a638b5]" started-at="2021-04-24T16:06:01 EET" name="verify_user_Can_Register_Successfully" finished-at="2021-04-24T16:06:11 EET" duration-ms="10365" status="PASS">
          <reporter-output>
          </reporter-output>
        </test-method> <!-- verify_user_Can_Register_Successfully -->
      </class> <!-- tests.UserRegisterationTest -->
      <class name="tests.UserLoginTest">
        <test-method signature="verify_user_canlogin_valid_credentials()[pri:1, instance:tests.UserLoginTest@1817d444]" started-at="2021-04-24T16:06:11 EET" name="verify_user_canlogin_valid_credentials" finished-at="2021-04-24T16:06:16 EET" duration-ms="5026" status="PASS">
          <reporter-output>
          </reporter-output>
        </test-method> <!-- verify_user_canlogin_valid_credentials -->
      </class> <!-- tests.UserLoginTest -->
    </test> <!-- Default test -->
  </suite> <!-- Default suite -->
</testng-results>
